          model three_phase_circuit__1_sm_master assigned to logical cpu 1
          Model 'three_phase_circuit__1_sm_master' compiled in RELEASE mode.
          16 CPUs active on this Computer
          OS version: Red Hat 5.2 (2.6.29.6-opalrt-6.2.1)
          libOpalR2020B.a : v2022.1.0.405 (build = undefined)
          Monitoring is enabled
          RECV: connection to host established
          SEND: connection to host established
            >>>> SessionRoot::initialize port 0
           Root initialized: 146.164.78.204:25265/resources/root
          Display of standard output will be disabled
ERROR:    RecvAsync icon 1: No Asynchronous Controller found with ID 1
ERROR:    [0] ERROR_STATUS
ERROR:    SendAsync icon 1: No Asynchronous Controller found with ID 1
          SubSystem step size = 0.000075 sec. Status updated at every 1 local step.
          Watchdog ready.
ERROR:    Stopping simulation.
ERROR:    [0] Error code 42 from RecvRegisterIcon.  Error in model configuration. 
           [0]: Reset
          		Tue Jan 17 17:35:09 2023

          WATCHDOG detected reset command.
          Reset done
